[0.006s] Invoking command in '/home/ubuntu/ros2_ws/build/my_robot_description': CMAKE_PREFIX_PATH=/opt/ros/humble /usr/bin/cmake /home/ubuntu/ros2_ws/src/my_robot_description -DCMAKE_INSTALL_PREFIX=/home/ubuntu/ros2_ws/install/my_robot_description
[0.124s] -- The C compiler identification is GNU 11.4.0
[0.193s] -- The CXX compiler identification is GNU 11.4.0
[0.200s] -- Detecting C compiler ABI info
[0.238s] -- Detecting C compiler ABI info - done
[0.242s] -- Check for working C compiler: /usr/bin/cc - skipped
[0.242s] -- Detecting C compile features
[0.243s] -- Detecting C compile features - done
[0.245s] -- Detecting CXX compiler ABI info
[0.280s] -- Detecting CXX compiler ABI info - done
[0.283s] -- Check for working CXX compiler: /usr/bin/c++ - skipped
[0.284s] -- Detecting CXX compile features
[0.284s] -- Detecting CXX compile features - done
[0.289s] -- Found ament_cmake: 1.3.11 (/opt/ros/humble/share/ament_cmake/cmake)
[0.362s] -- Found Python3: /usr/bin/python3 (found version "3.10.12") found components: Interpreter 
[0.416s] -- Found ament_lint_auto: 0.12.11 (/opt/ros/humble/share/ament_lint_auto/cmake)
[0.454s] -- Added test 'flake8' to check Python code syntax and style conventions
[0.455s] -- Added test 'lint_cmake' to check CMake code style
[0.455s] -- Added test 'pep257' to check Python code against some of the docstring style conventions in PEP 257
[0.456s] -- Added test 'xmllint' to check XML markup files
[0.456s] -- Configuring done
[0.458s] -- Generating done
[0.458s] -- Build files have been written to: /home/ubuntu/ros2_ws/build/my_robot_description
[0.461s] Invoked command in '/home/ubuntu/ros2_ws/build/my_robot_description' returned '0': CMAKE_PREFIX_PATH=/opt/ros/humble /usr/bin/cmake /home/ubuntu/ros2_ws/src/my_robot_description -DCMAKE_INSTALL_PREFIX=/home/ubuntu/ros2_ws/install/my_robot_description
[0.462s] Invoking command in '/home/ubuntu/ros2_ws/build/my_robot_description': CMAKE_PREFIX_PATH=/opt/ros/humble /usr/bin/cmake --build /home/ubuntu/ros2_ws/build/my_robot_description -- -j4 -l4
[0.475s] Invoked command in '/home/ubuntu/ros2_ws/build/my_robot_description' returned '0': CMAKE_PREFIX_PATH=/opt/ros/humble /usr/bin/cmake --build /home/ubuntu/ros2_ws/build/my_robot_description -- -j4 -l4
[0.479s] Invoking command in '/home/ubuntu/ros2_ws/build/my_robot_description': CMAKE_PREFIX_PATH=/opt/ros/humble /usr/bin/cmake --install /home/ubuntu/ros2_ws/build/my_robot_description
[0.481s] -- Install configuration: ""
[0.481s] -- Installing: /home/ubuntu/ros2_ws/install/my_robot_description/share/ament_index/resource_index/package_run_dependencies/my_robot_description
[0.481s] -- Installing: /home/ubuntu/ros2_ws/install/my_robot_description/share/ament_index/resource_index/parent_prefix_path/my_robot_description
[0.482s] -- Installing: /home/ubuntu/ros2_ws/install/my_robot_description/share/my_robot_description/environment/ament_prefix_path.sh
[0.482s] -- Installing: /home/ubuntu/ros2_ws/install/my_robot_description/share/my_robot_description/environment/ament_prefix_path.dsv
[0.482s] -- Installing: /home/ubuntu/ros2_ws/install/my_robot_description/share/my_robot_description/environment/path.sh
[0.482s] -- Installing: /home/ubuntu/ros2_ws/install/my_robot_description/share/my_robot_description/environment/path.dsv
[0.482s] -- Installing: /home/ubuntu/ros2_ws/install/my_robot_description/share/my_robot_description/local_setup.bash
[0.482s] -- Installing: /home/ubuntu/ros2_ws/install/my_robot_description/share/my_robot_description/local_setup.sh
[0.482s] -- Installing: /home/ubuntu/ros2_ws/install/my_robot_description/share/my_robot_description/local_setup.zsh
[0.482s] -- Installing: /home/ubuntu/ros2_ws/install/my_robot_description/share/my_robot_description/local_setup.dsv
[0.482s] -- Installing: /home/ubuntu/ros2_ws/install/my_robot_description/share/my_robot_description/package.dsv
[0.482s] -- Installing: /home/ubuntu/ros2_ws/install/my_robot_description/share/ament_index/resource_index/packages/my_robot_description
[0.482s] -- Installing: /home/ubuntu/ros2_ws/install/my_robot_description/share/my_robot_description/cmake/my_robot_descriptionConfig.cmake
[0.482s] -- Installing: /home/ubuntu/ros2_ws/install/my_robot_description/share/my_robot_description/cmake/my_robot_descriptionConfig-version.cmake
[0.482s] -- Installing: /home/ubuntu/ros2_ws/install/my_robot_description/share/my_robot_description/package.xml
[0.483s] Invoked command in '/home/ubuntu/ros2_ws/build/my_robot_description' returned '0': CMAKE_PREFIX_PATH=/opt/ros/humble /usr/bin/cmake --install /home/ubuntu/ros2_ws/build/my_robot_description
