[0.005s] Invoking command in '/home/ubuntu/ros2_ws/build/my_robot_description': CMAKE_PREFIX_PATH=${CMAKE_PREFIX_PATH}:/opt/ros/humble /usr/bin/cmake --build /home/ubuntu/ros2_ws/build/my_robot_description -- -j4 -l4
[0.015s] -- Found ament_cmake: 1.3.11 (/opt/ros/humble/share/ament_cmake/cmake)
[0.072s] -- Found ament_lint_auto: 0.12.11 (/opt/ros/humble/share/ament_lint_auto/cmake)
[0.101s] -- Added test 'flake8' to check Python code syntax and style conventions
[0.101s] -- Added test 'lint_cmake' to check CMake code style
[0.101s] -- Added test 'pep257' to check Python code against some of the docstring style conventions in PEP 257
[0.102s] -- Added test 'xmllint' to check XML markup files
[0.102s] -- Configuring done
[0.104s] -- Generating done
[0.105s] -- Build files have been written to: /home/ubuntu/ros2_ws/build/my_robot_description
[0.115s] Invoked command in '/home/ubuntu/ros2_ws/build/my_robot_description' returned '0': CMAKE_PREFIX_PATH=${CMAKE_PREFIX_PATH}:/opt/ros/humble /usr/bin/cmake --build /home/ubuntu/ros2_ws/build/my_robot_description -- -j4 -l4
[0.118s] Invoking command in '/home/ubuntu/ros2_ws/build/my_robot_description': CMAKE_PREFIX_PATH=${CMAKE_PREFIX_PATH}:/opt/ros/humble /usr/bin/cmake --install /home/ubuntu/ros2_ws/build/my_robot_description
[0.121s] -- Install configuration: ""
[0.121s] -- Installing: /home/ubuntu/ros2_ws/install/my_robot_description/share/my_robot_description//launch
[0.121s] -- Installing: /home/ubuntu/ros2_ws/install/my_robot_description/share/my_robot_description//launch/display_urdf.launch.py
[0.121s] -- Up-to-date: /home/ubuntu/ros2_ws/install/my_robot_description/share/ament_index/resource_index/package_run_dependencies/my_robot_description
[0.121s] -- Installing: /home/ubuntu/ros2_ws/install/my_robot_description/share/ament_index/resource_index/parent_prefix_path/my_robot_description
[0.121s] -- Up-to-date: /home/ubuntu/ros2_ws/install/my_robot_description/share/my_robot_description/environment/ament_prefix_path.sh
[0.121s] -- Installing: /home/ubuntu/ros2_ws/install/my_robot_description/share/my_robot_description/environment/ament_prefix_path.dsv
[0.121s] -- Up-to-date: /home/ubuntu/ros2_ws/install/my_robot_description/share/my_robot_description/environment/path.sh
[0.121s] -- Installing: /home/ubuntu/ros2_ws/install/my_robot_description/share/my_robot_description/environment/path.dsv
[0.121s] -- Up-to-date: /home/ubuntu/ros2_ws/install/my_robot_description/share/my_robot_description/local_setup.bash
[0.122s] -- Up-to-date: /home/ubuntu/ros2_ws/install/my_robot_description/share/my_robot_description/local_setup.sh
[0.122s] -- Up-to-date: /home/ubuntu/ros2_ws/install/my_robot_description/share/my_robot_description/local_setup.zsh
[0.122s] -- Installing: /home/ubuntu/ros2_ws/install/my_robot_description/share/my_robot_description/local_setup.dsv
[0.122s] -- Installing: /home/ubuntu/ros2_ws/install/my_robot_description/share/my_robot_description/package.dsv
[0.122s] -- Up-to-date: /home/ubuntu/ros2_ws/install/my_robot_description/share/ament_index/resource_index/packages/my_robot_description
[0.122s] -- Up-to-date: /home/ubuntu/ros2_ws/install/my_robot_description/share/my_robot_description/cmake/my_robot_descriptionConfig.cmake
[0.122s] -- Up-to-date: /home/ubuntu/ros2_ws/install/my_robot_description/share/my_robot_description/cmake/my_robot_descriptionConfig-version.cmake
[0.122s] -- Up-to-date: /home/ubuntu/ros2_ws/install/my_robot_description/share/my_robot_description/package.xml
[0.123s] Invoked command in '/home/ubuntu/ros2_ws/build/my_robot_description' returned '0': CMAKE_PREFIX_PATH=${CMAKE_PREFIX_PATH}:/opt/ros/humble /usr/bin/cmake --install /home/ubuntu/ros2_ws/build/my_robot_description
